<?xml version="1.0" encoding="UTF-8"?>
<testsuite xmlns:xsi="http://www.w3.org/2001/XMLSchema-instance" xsi:noNamespaceSchemaLocation="https://maven.apache.org/surefire/maven-surefire-plugin/xsd/surefire-test-report-3.0.xsd" version="3.0" name="IdentifierTest" time="0.104" tests="17" errors="0" skipped="0" failures="0">
  <properties>
[...]
</properties>
  <testcase name="testValid_sLetraMaiuscula" classname="IdentifierTest" time="0.037"/>
  <testcase name="testIdentificadorVazio" classname="IdentifierTest" time="0.003"/>
  <testcase name="testSegundoCaracterePrimeiroLoop" classname="IdentifierTest" time="0.001"/>
  <testcase name="testIdentificadorValidoLetras" classname="IdentifierTest" time="0.002"/>
  <testcase name="testIdentificadorValidoComNumeros" classname="IdentifierTest" time="0.001"/>
  <testcase name="testTamanhoMaximo" classname="IdentifierTest" time="0.001"/>
  <testcase name="testTamanhoMinimo" classname="IdentifierTest" time="0.001"/>
  <testcase name="testValid_fInvalido" classname="IdentifierTest" time="0.001"/>
  <testcase name="testValid_sLetraMinuscula" classname="IdentifierTest" time="0.001"/>
  <testcase name="testTamanhoMaiorQuePermitido" classname="IdentifierTest" time="0.001"/>
  <testcase name="testCaractereInternoInvalido" classname="IdentifierTest" time="0.001"/>
  <testcase name="testValid_fLetra" classname="IdentifierTest" time="0.001"/>
  <testcase name="testFalhaAposPrimeiroSerValido" classname="IdentifierTest" time="0.001"/>
  <testcase name="testValid_sInvalido" classname="IdentifierTest" time="0.0"/>
  <testcase name="testLoopComVariosCaracteres" classname="IdentifierTest" time="0.0"/>
  <testcase name="testValid_fNumero" classname="IdentifierTest" time="0.001"/>
  <testcase name="testPrimeiroCaractereInvalido" classname="IdentifierTest" time="0.0"/>
</testsuite>